
(TemplateLearning) mohamad@Mohamad:~/TemplateLearning$ conda list
# packages in environment at /home/mohamad/miniconda3/envs/TemplateLearning:
#
# Name                    Version                   Build  Channel
_libgcc_mutex             0.1                 conda_forge    conda-forge
_openmp_mutex             4.5                       2_gnu    conda-forge
absl-py                   2.0.0              pyhd8ed1ab_0    conda-forge
aiohttp                   3.8.5            py39hd1e30aa_0    conda-forge
aiosignal                 1.3.1              pyhd8ed1ab_0    conda-forge
alsa-lib                  1.2.8                h166bdaf_0    conda-forge
anyio                     4.0.0              pyhd8ed1ab_0    conda-forge
appdirs                   1.4.4                    pypi_0    pypi
argon2-cffi               23.1.0             pyhd8ed1ab_0    conda-forge
argon2-cffi-bindings      21.2.0           py39hd1e30aa_4    conda-forge
arrow                     1.2.3              pyhd8ed1ab_0    conda-forge
asttokens                 2.4.0              pyhd8ed1ab_0    conda-forge
astunparse                1.6.3              pyhd8ed1ab_0    conda-forge
async-lru                 2.0.4              pyhd8ed1ab_0    conda-forge
async-timeout             4.0.3              pyhd8ed1ab_0    conda-forge
attr                      2.5.1                h166bdaf_1    conda-forge
attrs                     23.1.0             pyh71513ae_1    conda-forge
babel                     2.12.1             pyhd8ed1ab_1    conda-forge
backcall                  0.2.0              pyh9f0ad1d_0    conda-forge
backports                 1.0                pyhd8ed1ab_3    conda-forge
backports.functools_lru_cache 1.6.5              pyhd8ed1ab_0    conda-forge
beautifulsoup4            4.12.2             pyha770c72_0    conda-forge
biopython                 1.79                     pypi_0    pypi
bleach                    6.0.0              pyhd8ed1ab_0    conda-forge
blinker                   1.6.2              pyhd8ed1ab_0    conda-forge
boost                     1.78.0           py39h7c9e3ff_4    conda-forge
boost-cpp                 1.78.0               h5adbc97_2    conda-forge
brotli                    1.1.0                hd590300_0    conda-forge
brotli-bin                1.1.0                hd590300_0    conda-forge
brotli-python             1.1.0            py39h3d6467e_0    conda-forge
bs4                       0.0.1                    pypi_0    pypi
bzip2                     1.0.8                h7f98852_4    conda-forge
c-ares                    1.19.1               hd590300_0    conda-forge
ca-certificates           2023.7.22            hbcca054_0    conda-forge
cached-property           1.5.2                hd8ed1ab_1    conda-forge
cached_property           1.5.2              pyha770c72_1    conda-forge
cachetools                5.3.1              pyhd8ed1ab_0    conda-forge
cairo                     1.16.0            ha61ee94_1014    conda-forge
certifi                   2023.7.22          pyhd8ed1ab_0    conda-forge
cffi                      1.15.1           py39h7a31438_5    conda-forge
charset-normalizer        3.2.0              pyhd8ed1ab_0    conda-forge
click                     8.1.7           unix_pyh707e725_0    conda-forge
cloudpickle               2.2.1                    pypi_0    pypi
cmake                     3.27.4               hcfe8598_4    conda-forge
colorama                  0.4.6              pyhd8ed1ab_0    conda-forge
comm                      0.1.4              pyhd8ed1ab_0    conda-forge
configparser              5.3.0              pyhd8ed1ab_0    conda-forge
contourpy                 1.1.1            py39h7633fee_1    conda-forge
cryptography              41.0.4           py39hd4f0224_0    conda-forge
cssselect                 1.2.0                    pypi_0    pypi
cuda-version              11.8                 h70ddcb2_2    conda-forge
cudatoolkit               11.8.0              h4ba93d1_12    conda-forge
cudnn                     8.8.0.121            h838ba91_3    conda-forge
cycler                    0.11.0             pyhd8ed1ab_0    conda-forge
dask                      2023.9.2                 pypi_0    pypi
dask-jobqueue             0.8.2                    pypi_0    pypi
dbus                      1.13.6               h5008d03_3    conda-forge
debugpy                   1.8.0            py39h3d6467e_1    conda-forge
decorator                 5.1.1              pyhd8ed1ab_0    conda-forge
defusedxml                0.7.1              pyhd8ed1ab_0    conda-forge
distributed               2023.9.2                 pypi_0    pypi
eman-deps                 33.1             gui_h00fd0d5_2    cryoem
eman-dev                  2.99.47              hc265b67_0    cryoem
entrypoints               0.4                pyhd8ed1ab_0    conda-forge
exceptiongroup            1.1.3              pyhd8ed1ab_0    conda-forge
executing                 1.2.0              pyhd8ed1ab_0    conda-forge
expat                     2.5.0                hcb278e6_1    conda-forge
fake-useragent            1.2.1                    pypi_0    pypi
fftw                      3.3.10          mpi_openmpi_h4a81ba8_8    conda-forge
flatbuffers               22.12.06             hcb278e6_2    conda-forge
font-ttf-dejavu-sans-mono 2.37                 hab24e00_0    conda-forge
font-ttf-inconsolata      3.000                h77eed37_0    conda-forge
font-ttf-source-code-pro  2.038                h77eed37_0    conda-forge
font-ttf-ubuntu           0.83                 hab24e00_0    conda-forge
fontconfig                2.14.2               h14ed4e7_0    conda-forge
fonts-conda-ecosystem     1                             0    conda-forge
fonts-conda-forge         1                             0    conda-forge
fonttools                 4.42.1           py39hd1e30aa_0    conda-forge
fqdn                      1.5.1              pyhd8ed1ab_0    conda-forge
freetype                  2.12.1               h267a509_2    conda-forge
frozenlist                1.4.0            py39hd1e30aa_1    conda-forge
fsspec                    2023.9.2                 pypi_0    pypi
ftgl                      2.4.0                h6cc6478_2    cryoem
future                    0.18.3             pyhd8ed1ab_0    conda-forge
gast                      0.4.0              pyh9f0ad1d_0    conda-forge
gemmi                     0.6.3                    pypi_0    pypi
gettext                   0.21.1               h27087fc_0    conda-forge
giflib                    5.2.1                h0b41bf4_3    conda-forge
glib                      2.78.0               hfc55251_0    conda-forge
glib-tools                2.78.0               hfc55251_0    conda-forge
google-auth               2.23.0             pyh1a96a4e_1    conda-forge
google-auth-oauthlib      0.4.6              pyhd8ed1ab_0    conda-forge
google-pasta              0.2.0              pyh8c360ce_0    conda-forge
graphite2                 1.3.13            h58526e2_1001    conda-forge
grpcio                    1.51.1           py39he859823_1    conda-forge
gsl                       2.7                  he838d99_0    conda-forge
gst-plugins-base          1.22.0               h4243ec0_2    conda-forge
gstreamer                 1.22.0               h25f0c4b_2    conda-forge
gstreamer-orc             0.4.34               hd590300_0    conda-forge
guanaco                   0.3.0                    pypi_0    pypi
h5py                      3.8.0           nompi_py39h89bf01e_101    conda-forge
harfbuzz                  6.0.0                h8e241bc_0    conda-forge
hdf5                      1.14.0          nompi_hb72d44e_103    conda-forge
icu                       70.1                 h27087fc_0    conda-forge
idna                      3.4                pyhd8ed1ab_0    conda-forge
imageio                   2.31.4                   pypi_0    pypi
importlib-metadata        6.8.0              pyha770c72_0    conda-forge
importlib-resources       6.1.0              pyhd8ed1ab_0    conda-forge
importlib_metadata        6.8.0                hd8ed1ab_0    conda-forge
importlib_resources       6.1.0              pyhd8ed1ab_0    conda-forge
install                   1.3.5                    pypi_0    pypi
ipykernel                 6.25.2             pyh2140261_0    conda-forge
ipython                   8.15.0             pyh0d859eb_0    conda-forge
ipywidgets                8.1.1              pyhd8ed1ab_0    conda-forge
isoduration               20.11.0            pyhd8ed1ab_0    conda-forge
jack                      1.9.22               h11f4161_0    conda-forge
jedi                      0.19.0             pyhd8ed1ab_0    conda-forge
jinja2                    3.1.2              pyhd8ed1ab_1    conda-forge
joblib                    1.3.2              pyhd8ed1ab_0    conda-forge
jpeg                      9e                   h0b41bf4_3    conda-forge
json5                     0.9.14             pyhd8ed1ab_0    conda-forge
jsonpointer               2.4              py39hf3d152e_3    conda-forge
jsonschema                4.19.1             pyhd8ed1ab_0    conda-forge
jsonschema-specifications 2023.7.1           pyhd8ed1ab_0    conda-forge
jsonschema-with-format-nongpl 4.19.1             pyhd8ed1ab_0    conda-forge
jupyter-lsp               2.2.0              pyhd8ed1ab_0    conda-forge
jupyter_client            8.3.1              pyhd8ed1ab_0    conda-forge
jupyter_core              5.3.1            py39hf3d152e_1    conda-forge
jupyter_events            0.7.0              pyhd8ed1ab_2    conda-forge
jupyter_server            2.7.3              pyhd8ed1ab_1    conda-forge
jupyter_server_terminals  0.4.4              pyhd8ed1ab_1    conda-forge
jupyterlab                4.0.6              pyhd8ed1ab_0    conda-forge
jupyterlab_pygments       0.2.2              pyhd8ed1ab_0    conda-forge
jupyterlab_server         2.25.0             pyhd8ed1ab_0    conda-forge
jupyterlab_widgets        3.0.9              pyhd8ed1ab_0    conda-forge
keras                     2.11.0             pyhd8ed1ab_0    conda-forge
keras-preprocessing       1.1.2              pyhd8ed1ab_0    conda-forge
keyutils                  1.6.1                h166bdaf_0    conda-forge
kiwisolver                1.4.5            py39h7633fee_1    conda-forge
krb5                      1.20.1               h81ceb04_0    conda-forge
lame                      3.100             h166bdaf_1003    conda-forge
lazy-loader               0.3                      pypi_0    pypi
lcms2                     2.14                 h6ed2654_0    conda-forge
ld_impl_linux-64          2.40                 h41732ed_0    conda-forge
lerc                      4.0.0                h27087fc_0    conda-forge
libabseil                 20220623.0      cxx17_h05df665_6    conda-forge
libaec                    1.0.6                hcb278e6_1    conda-forge
libblas                   3.9.0           18_linux64_openblas    conda-forge
libbrotlicommon           1.1.0                hd590300_0    conda-forge
libbrotlidec              1.1.0                hd590300_0    conda-forge
libbrotlienc              1.1.0                hd590300_0    conda-forge
libcap                    2.67                 he9d0100_0    conda-forge
libcblas                  3.9.0           18_linux64_openblas    conda-forge
libclang                  15.0.7          default_h7634d5b_3    conda-forge
libclang13                15.0.7          default_h9986a30_3    conda-forge
libcups                   2.3.3                h36d4200_3    conda-forge
libcurl                   8.2.1                h251f7ec_0
libdb                     6.2.32               h9c3ff4c_0    conda-forge
libdeflate                1.14                 h166bdaf_0    conda-forge
libedit                   3.1.20191231         he28a2e2_2    conda-forge
libev                     4.33                 h516909a_1    conda-forge
libevent                  2.1.10               h28343ad_4    conda-forge
libexpat                  2.5.0                hcb278e6_1    conda-forge
libffi                    3.4.2                h7f98852_5    conda-forge
libflac                   1.4.3                h59595ed_0    conda-forge
libgcc-ng                 13.2.0               h807b86a_2    conda-forge
libgcrypt                 1.10.1               h166bdaf_0    conda-forge
libgfortran-ng            13.2.0               h69a702a_2    conda-forge
libgfortran5              13.2.0               ha4646dd_2    conda-forge
libglib                   2.78.0               hebfc3b9_0    conda-forge
libglu                    9.0.0             he1b5a44_1001    conda-forge
libgomp                   13.2.0               h807b86a_2    conda-forge
libgpg-error              1.47                 h71f35ed_0    conda-forge
libgrpc                   1.51.1               h4fad500_1    conda-forge
libiconv                  1.17                 h166bdaf_0    conda-forge
liblapack                 3.9.0           18_linux64_openblas    conda-forge
libllvm15                 15.0.7               hadd5161_1    conda-forge
libnghttp2                1.52.0               h61bc06f_0    conda-forge
libnsl                    2.0.0                h7f98852_0    conda-forge
libogg                    1.3.4                h7f98852_1    conda-forge
libopenblas               0.3.24          pthreads_h413a1c8_0    conda-forge
libopus                   1.3.1                h7f98852_1    conda-forge
libpng                    1.6.39               h753d276_0    conda-forge
libpq                     15.3                 hbcd7760_1    conda-forge
libprotobuf               3.21.12              hfc55251_2    conda-forge
libsndfile                1.2.2                hbc2eb40_0    conda-forge
libsodium                 1.0.18               h36c2ea0_1    conda-forge
libsqlite                 3.43.0               h2797004_0    conda-forge
libssh2                   1.11.0               h0841786_0    conda-forge
libstdcxx-ng              13.2.0               h7e041cc_2    conda-forge
libsystemd0               253                  h8c4010b_1    conda-forge
libtiff                   4.4.0                h82bc61c_5    conda-forge
libtool                   2.4.7                h27087fc_0    conda-forge
libudev1                  253                  h0b41bf4_1    conda-forge
libuuid                   2.38.1               h0b41bf4_0    conda-forge
libuv                     1.44.2               hd590300_1    conda-forge
libvorbis                 1.3.7                h9c3ff4c_0    conda-forge
libwebp-base              1.3.2                hd590300_0    conda-forge
libxcb                    1.13              h7f98852_1004    conda-forge
libxkbcommon              1.5.0                h79f4944_1    conda-forge
libxml2                   2.10.3               hca2bb57_4    conda-forge
libzlib                   1.2.13               hd590300_5    conda-forge
locket                    1.0.0                    pypi_0    pypi
lxml                      4.9.3                    pypi_0    pypi
lz4-c                     1.9.4                hcb278e6_0    conda-forge
maptools                  0.3.6                    pypi_0    pypi
markdown                  3.4.4              pyhd8ed1ab_0    conda-forge
markupsafe                2.1.3            py39hd1e30aa_1    conda-forge
matplotlib                3.7.1            py39hf3d152e_0    conda-forge
matplotlib-base           3.7.1            py39he190548_0    conda-forge
matplotlib-inline         0.1.6              pyhd8ed1ab_0    conda-forge
mistune                   3.0.1              pyhd8ed1ab_0    conda-forge
mpg123                    1.31.3               hcb278e6_0    conda-forge
mpi                       1.0                     openmpi    conda-forge
mrcfile                   1.4.3                    pypi_0    pypi
msgpack                   1.0.6                    pypi_0    pypi
multidict                 6.0.4            py39h72bdee0_0    conda-forge
munkres                   1.1.4              pyh9f0ad1d_0    conda-forge
mysql-common              8.0.33               hf1915f5_4    conda-forge
mysql-libs                8.0.33               hca2cd23_4    conda-forge
nbclient                  0.8.0              pyhd8ed1ab_0    conda-forge
nbconvert-core            7.8.0              pyhd8ed1ab_0    conda-forge
nbformat                  5.9.2              pyhd8ed1ab_0    conda-forge
nccl                      2.18.5.1             h6103f9b_1    conda-forge
ncurses                   6.4                  hcb278e6_0    conda-forge
nest-asyncio              1.5.6              pyhd8ed1ab_0    conda-forge
networkx                  3.1                      pypi_0    pypi
nodejs                    18.15.0              h8d033a5_0    conda-forge
nose                      1.3.7                   py_1006    conda-forge
notebook-shim             0.2.3              pyhd8ed1ab_0    conda-forge
nspr                      4.35                 h27087fc_0    conda-forge
nss                       3.92                 h1d7d5a4_0    conda-forge
numpy                     1.23.0                   pypi_0    pypi
oauthlib                  3.2.2              pyhd8ed1ab_0    conda-forge
openjpeg                  2.5.0                h7d73246_1    conda-forge
openmpi                   4.1.5              h414af15_101    conda-forge
openssl                   3.1.3                hd590300_0    conda-forge
opt_einsum                3.3.0              pyhd8ed1ab_1    conda-forge
overrides                 7.4.0              pyhd8ed1ab_0    conda-forge
packaging                 23.1               pyhd8ed1ab_0    conda-forge
pandas                    2.0.0            py39h2ad29b5_0    conda-forge
pandocfilters             1.5.0              pyhd8ed1ab_0    conda-forge
parse                     1.19.1                   pypi_0    pypi
parso                     0.8.3              pyhd8ed1ab_0    conda-forge
partd                     1.4.1                    pypi_0    pypi
pcre2                     10.40                hc3806b6_0    conda-forge
pexpect                   4.8.0              pyh1a96a4e_2    conda-forge
pickleshare               0.7.5                   py_1003    conda-forge
pillow                    9.2.0            py39hf3a2cdf_3    conda-forge
pip                       23.2.1             pyhd8ed1ab_0    conda-forge
pixman                    0.42.2               h59595ed_0    conda-forge
pkgutil-resolve-name      1.3.10             pyhd8ed1ab_1    conda-forge
platformdirs              3.10.0             pyhd8ed1ab_0    conda-forge
ply                       3.11                       py_1    conda-forge
pooch                     1.7.0              pyha770c72_3    conda-forge
prody                     2.4.1                    pypi_0    pypi
profet                    0.0.1                    pypi_0    pypi
prometheus_client         0.17.1             pyhd8ed1ab_0    conda-forge
prompt-toolkit            3.0.39             pyha770c72_0    conda-forge
prompt_toolkit            3.0.39               hd8ed1ab_0    conda-forge
protobuf                  4.21.12          py39h227be39_0    conda-forge
psutil                    5.9.5            py39hd1e30aa_1    conda-forge
pthread-stubs             0.4               h36c2ea0_1001    conda-forge
ptyprocess                0.7.0              pyhd3deb0d_0    conda-forge
pulseaudio                16.1                 hcb278e6_3    conda-forge
pulseaudio-client         16.1                 h5195f5e_3    conda-forge
pulseaudio-daemon         16.1                 ha8d29e2_3    conda-forge
pure_eval                 0.2.2              pyhd8ed1ab_0    conda-forge
pyasn1                    0.5.0              pyhd8ed1ab_0    conda-forge
pyasn1-modules            0.3.0              pyhd8ed1ab_0    conda-forge
pycparser                 2.21               pyhd8ed1ab_0    conda-forge
pydantic                  1.10.10                  pypi_0    pypi
pydusa                    3.1             np120py39h9e07008_5    cryoem
pyee                      8.2.2                    pypi_0    pypi
pyfftw                    0.13.1                   pypi_0    pypi
pygments                  2.16.1             pyhd8ed1ab_0    conda-forge
pyjwt                     2.8.0              pyhd8ed1ab_0    conda-forge
pyopengl                  3.1.5                      py_0    cryoem
pyopenssl                 23.2.0             pyhd8ed1ab_1    conda-forge
pyparsing                 3.1.1              pyhd8ed1ab_0    conda-forge
pypdb                     2.3                      pypi_0    pypi
pyppeteer                 1.0.2                    pypi_0    pypi
pyqt                      5.15.9           py39h52134e7_5    conda-forge
pyqt5-sip                 12.12.2          py39h3d6467e_5    conda-forge
pyquery                   2.0.0                    pypi_0    pypi
pysocks                   1.7.1              pyha2e5f31_6    conda-forge
python                    3.9.18          h0755675_0_cpython    conda-forge
python-dateutil           2.8.2              pyhd8ed1ab_0    conda-forge
python-fastjsonschema     2.18.0             pyhd8ed1ab_0    conda-forge
python-flatbuffers        23.5.26            pyhd8ed1ab_0    conda-forge
python-json-logger        2.0.7              pyhd8ed1ab_0    conda-forge
python-multem             0.3.4                    pypi_0    pypi
python-parakeet           0.4.5                    pypi_0    pypi
python-tzdata             2023.3             pyhd8ed1ab_0    conda-forge
python_abi                3.9                      4_cp39    conda-forge
pytz                      2023.3.post1       pyhd8ed1ab_0    conda-forge
pyu2f                     0.1.5              pyhd8ed1ab_0    conda-forge
pywavelets                1.4.1                    pypi_0    pypi
pyyaml                    6.0.1            py39hd1e30aa_1    conda-forge
pyzmq                     25.1.1           py39hb257651_1    conda-forge
qt-main                   5.15.8               h5d23da1_6    conda-forge
re2                       2023.02.01           hcb278e6_0    conda-forge
readline                  8.2                  h8228510_1    conda-forge
referencing               0.30.2             pyhd8ed1ab_0    conda-forge
requests                  2.31.0             pyhd8ed1ab_0    conda-forge
requests-html             0.10.0                   pypi_0    pypi
requests-oauthlib         1.3.1              pyhd8ed1ab_0    conda-forge
rfc3339-validator         0.1.4              pyhd8ed1ab_0    conda-forge
rfc3986-validator         0.1.1              pyh9f0ad1d_0    conda-forge
rhash                     1.4.4                hd590300_0    conda-forge
rpds-py                   0.10.3           py39h9fdd4d6_0    conda-forge
rsa                       4.9                pyhd8ed1ab_0    conda-forge
scikit-image              0.21.0                   pypi_0    pypi
scikit-learn              1.2.2            py39hd189fd4_1    conda-forge
scipy                     1.10.1           py39h7360e5f_0    conda-forge
send2trash                1.8.2              pyh41d4057_0    conda-forge
setuptools                68.2.2             pyhd8ed1ab_0    conda-forge
sip                       6.7.11           py39h3d6467e_1    conda-forge
six                       1.16.0             pyh6c4a22f_0    conda-forge
snappy                    1.1.10               h9fff704_0    conda-forge
sniffio                   1.3.0              pyhd8ed1ab_0    conda-forge
sortedcontainers          2.4.0                    pypi_0    pypi
soupsieve                 2.5                pyhd8ed1ab_1    conda-forge
stack_data                0.6.2              pyhd8ed1ab_0    conda-forge
starfile                  0.4.12                   pypi_0    pypi
tblib                     2.0.0                    pypi_0    pypi
tensorboard               2.11.2             pyhd8ed1ab_0    conda-forge
tensorboard-data-server   0.6.1            py39h3ccb8fc_4    conda-forge
tensorboard-plugin-wit    1.8.1              pyhd8ed1ab_0    conda-forge
tensorflow                2.11.0          cuda112py39h01bd6f0_0    conda-forge
tensorflow-base           2.11.0          cuda112py39haa5674d_0    conda-forge
tensorflow-estimator      2.11.0          cuda112py39h11d7a3b_0    conda-forge
termcolor                 2.3.0              pyhd8ed1ab_0    conda-forge
terminado                 0.17.1             pyh41d4057_0    conda-forge
threadpoolctl             3.2.0              pyha21a80b_0    conda-forge
tifffile                  2023.9.18                pypi_0    pypi
tinycss2                  1.2.1              pyhd8ed1ab_0    conda-forge
tk                        8.6.13               h2797004_0    conda-forge
toml                      0.10.2             pyhd8ed1ab_0    conda-forge
tomli                     2.0.1              pyhd8ed1ab_0    conda-forge
toolz                     0.12.0                   pypi_0    pypi
tornado                   6.3.3            py39hd1e30aa_1    conda-forge
tqdm                      4.66.1             pyhd8ed1ab_0    conda-forge
traitlets                 5.10.1             pyhd8ed1ab_0    conda-forge
typing-extensions         4.8.0                hd8ed1ab_0    conda-forge
typing_extensions         4.8.0              pyha770c72_0    conda-forge
typing_utils              0.1.0              pyhd8ed1ab_0    conda-forge
tzdata                    2023c                h71feb2d_0    conda-forge
unicodedata2              15.0.0           py39hd1e30aa_1    conda-forge
uri-template              1.3.0              pyhd8ed1ab_0    conda-forge
urllib3                   1.26.16            pyhd8ed1ab_0    conda-forge
w3lib                     2.1.2                    pypi_0    pypi
wcwidth                   0.2.6              pyhd8ed1ab_0    conda-forge
webcolors                 1.13               pyhd8ed1ab_0    conda-forge
webencodings              0.5.1              pyhd8ed1ab_2    conda-forge
websocket-client          1.6.3              pyhd8ed1ab_0    conda-forge
websockets                10.4                     pypi_0    pypi
werkzeug                  2.3.7              pyhd8ed1ab_0    conda-forge
wheel                     0.41.2             pyhd8ed1ab_0    conda-forge
widgetsnbextension        4.0.9              pyhd8ed1ab_0    conda-forge
wrapt                     1.15.0           py39hd1e30aa_1    conda-forge
xcb-util                  0.4.0                h516909a_0    conda-forge
xcb-util-image            0.4.0                h166bdaf_0    conda-forge
xcb-util-keysyms          0.4.0                h516909a_0    conda-forge
xcb-util-renderutil       0.3.9                h166bdaf_0    conda-forge
xcb-util-wm               0.4.1                h516909a_0    conda-forge
xkeyboard-config          2.38                 h0b41bf4_0    conda-forge
xorg-kbproto              1.0.7             h7f98852_1002    conda-forge
xorg-libice               1.1.1                hd590300_0    conda-forge
xorg-libsm                1.2.4                h7391055_0    conda-forge
xorg-libx11               1.8.4                h0b41bf4_0    conda-forge
xorg-libxau               1.0.11               hd590300_0    conda-forge
xorg-libxdmcp             1.1.3                h7f98852_0    conda-forge
xorg-libxext              1.3.4                h0b41bf4_2    conda-forge
xorg-libxrender           0.9.10            h7f98852_1003    conda-forge
xorg-renderproto          0.11.1            h7f98852_1002    conda-forge
xorg-xextproto            7.3.0             h0b41bf4_1003    conda-forge
xorg-xproto               7.0.31            h7f98852_1007    conda-forge
xz                        5.2.6                h166bdaf_0    conda-forge
yaml                      0.2.5                h7f98852_2    conda-forge
yarl                      1.9.2            py39hd1e30aa_0    conda-forge
zeromq                    4.3.4                h9c3ff4c_1    conda-forge
zict                      3.0.0                    pypi_0    pypi
zipp                      3.17.0             pyhd8ed1ab_0    conda-forge
zlib                      1.2.13               hd590300_5    conda-forge
zstd                      1.5.5                hfc55251_0    conda-forge

